Determining if the pthread_create exist failed with the following output:
Change Dir: /home/hox/workspace/bysj/HSP-NS/udpflood/build/CMakeFiles/CMakeTmp

Run Build Command:"/usr/bin/make" "cmTC_da714/fast"
/usr/bin/make -f CMakeFiles/cmTC_da714.dir/build.make CMakeFiles/cmTC_da714.dir/build
make[1]: 进入目录“/home/hox/workspace/bysj/HSP-NS/udpflood/build/CMakeFiles/CMakeTmp”
Building C object CMakeFiles/cmTC_da714.dir/CheckSymbolExists.c.o
/usr/bin/cc    -o CMakeFiles/cmTC_da714.dir/CheckSymbolExists.c.o   -c /home/hox/workspace/bysj/HSP-NS/udpflood/build/CMakeFiles/CMakeTmp/CheckSymbolExists.c
Linking C executable cmTC_da714
/usr/bin/cmake -E cmake_link_script CMakeFiles/cmTC_da714.dir/link.txt --verbose=1
/usr/bin/cc      -rdynamic CMakeFiles/cmTC_da714.dir/CheckSymbolExists.c.o  -o cmTC_da714 
CMakeFiles/cmTC_da714.dir/CheckSymbolExists.c.o：在函数‘main’中：
CheckSymbolExists.c:(.text+0x1b)：对‘pthread_create’未定义的引用
collect2: error: ld returned 1 exit status
CMakeFiles/cmTC_da714.dir/build.make:97: recipe for target 'cmTC_da714' failed
make[1]: *** [cmTC_da714] Error 1
make[1]: 离开目录“/home/hox/workspace/bysj/HSP-NS/udpflood/build/CMakeFiles/CMakeTmp”
Makefile:126: recipe for target 'cmTC_da714/fast' failed
make: *** [cmTC_da714/fast] Error 2

File /home/hox/workspace/bysj/HSP-NS/udpflood/build/CMakeFiles/CMakeTmp/CheckSymbolExists.c:
/* */
#include <pthread.h>

int main(int argc, char** argv)
{
  (void)argv;
#ifndef pthread_create
  return ((int*)(&pthread_create))[argc];
#else
  (void)argc;
  return 0;
#endif
}

Determining if the function pthread_create exists in the pthreads failed with the following output:
Change Dir: /home/hox/workspace/bysj/HSP-NS/udpflood/build/CMakeFiles/CMakeTmp

Run Build Command:"/usr/bin/make" "cmTC_48bf1/fast"
/usr/bin/make -f CMakeFiles/cmTC_48bf1.dir/build.make CMakeFiles/cmTC_48bf1.dir/build
make[1]: 进入目录“/home/hox/workspace/bysj/HSP-NS/udpflood/build/CMakeFiles/CMakeTmp”
Building C object CMakeFiles/cmTC_48bf1.dir/CheckFunctionExists.c.o
/usr/bin/cc   -DCHECK_FUNCTION_EXISTS=pthread_create   -o CMakeFiles/cmTC_48bf1.dir/CheckFunctionExists.c.o   -c /usr/share/cmake-3.10/Modules/CheckFunctionExists.c
Linking C executable cmTC_48bf1
/usr/bin/cmake -E cmake_link_script CMakeFiles/cmTC_48bf1.dir/link.txt --verbose=1
/usr/bin/cc  -DCHECK_FUNCTION_EXISTS=pthread_create    -rdynamic CMakeFiles/cmTC_48bf1.dir/CheckFunctionExists.c.o  -o cmTC_48bf1 -lpthreads 
/usr/bin/ld: 找不到 -lpthreads
collect2: error: ld returned 1 exit status
CMakeFiles/cmTC_48bf1.dir/build.make:97: recipe for target 'cmTC_48bf1' failed
make[1]: *** [cmTC_48bf1] Error 1
make[1]: 离开目录“/home/hox/workspace/bysj/HSP-NS/udpflood/build/CMakeFiles/CMakeTmp”
Makefile:126: recipe for target 'cmTC_48bf1/fast' failed
make: *** [cmTC_48bf1/fast] Error 2


